
mtx-context     | run 1: luatex --fmt="/var/lib/texmf/luatex-cache/context/b47c3d3cee7cb6c86268d0595268c442/formats/luatex/cont-en" --jobname="full.Eng" --lua="/var/lib/texmf/luatex-cache/context/b47c3d3cee7cb6c86268d0595268c442/formats/luatex/cont-en.lui" --no-parse-first-line --c:currentrun=1 --c:fulljobname="./full.Eng.tex" --c:input="./full.Eng.tex" --c:kindofrun=1 --c:maxnofruns=9 "cont-yes.mkiv"
This is LuaTeX, Version 1.07.0 (TeX Live 2019/dev/Debian) 
 system commands enabled.
open source     > level 1, order 1, name '/usr/share/texmf/tex/context/base/mkiv/cont-yes.mkiv'
system          > 
system          > ConTeXt  ver: 2017.05.15 21:48 MKIV beta  fmt: 2019.3.9  int: english/english
system          > 
system          > 'cont-new.mkiv' loaded
open source     > level 2, order 2, name '/usr/share/texmf/tex/context/base/mkiv/cont-new.mkiv'
close source    > level 2, order 2, name '/usr/share/texmf/tex/context/base/mkiv/cont-new.mkiv'
system          > files > jobname 'full.Eng', input './full.Eng', result 'full'
fonts           > latin modern fonts are not preloaded
languages       > language 'en' is active
open source     > level 2, order 3, name '/data/home2/Zhongxu/tmp/resume/output/full.Eng.tex'
colors          > defining > unknown library 'hex'
open source     > level 3, order 4, name '/usr/share/texmf/tex/context/fonts/mkiv/type-imp-texgyre.mkiv'
close source    > level 3, order 4, name '/usr/share/texmf/tex/context/fonts/mkiv/type-imp-texgyre.mkiv'
structure       > sectioning > section @ level 3 : 0.0.1 -> ZHU Zhongxu 朱忠旭
setup           > error in line 1, namespace 'xtable', key 'body'
setup           > error in line 13, namespace 'xtable', key 'foot'
setup           > error in line 1, namespace 'xtable', key 'body'
setup           > error in line 13, namespace 'xtable', key 'foot'
setup           > error in line 1, namespace 'xtable', key 'body'
setup           > error in line 13, namespace 'xtable', key 'foot'
floatblocks     > '1' placed
structure       > sectioning > subsection @ level 4 : 0.0.1.1 -> Education
structure       > sectioning > subsection @ level 4 : 0.0.1.2 -> Employment
structure       > sectioning > subsection @ level 4 : 0.0.1.3 -> Publications
fonts           > otf loading > loading '/usr/share/texmf/fonts/opentype/public/tex-gyre/texgyreheros-bolditalic.otf', hash 'texgyreheros-bolditalic'
otf reader      > not unicoded: dblgrave.ts1 idotaccent.sc
otf reader      > 47 bogus names removed (verbose unicode)
fonts           > otf loading > loading done
fonts           > otf loading > saving '/usr/share/texmf/fonts/opentype/public/tex-gyre/texgyreheros-bolditalic.otf' in cache
system          > lua > compiling '/data/home2/Zhongxu/.texlive2018/texmf-var/luatex-cache/context/b47c3d3cee7cb6c86268d0595268c442/fonts/otl/texgyreheros-bolditalic.tma' into '/data/home2/Zhongxu/.texlive2018/texmf-var/luatex-cache/context/b47c3d3cee7cb6c86268d0595268c442/fonts/otl/texgyreheros-bolditalic.tmc'
system          > lua > dumping '/data/home2/Zhongxu/.texlive2018/texmf-var/luatex-cache/context/b47c3d3cee7cb6c86268d0595268c442/fonts/otl/texgyreheros-bolditalic.tma' into '/data/home2/Zhongxu/.texlive2018/texmf-var/luatex-cache/context/b47c3d3cee7cb6c86268d0595268c442/fonts/otl/texgyreheros-bolditalic.tmc' stripped
fonts           > otf loading > loading, optimizing, packing and caching time 0.387
backend         > xmp > using file '/usr/share/texmf/tex/context/base/mkiv/lpdf-pdx.xml'
pages           > flushing realpage 1, userpage 1, subpage 1
structure       > sectioning > subsection @ level 4 : 0.0.1.4 -> Conference Proceedings
structure       > sectioning > subsection @ level 4 : 0.0.1.5 -> Patents
pages           > flushing realpage 2, userpage 2
structure       > sectioning > subsection @ level 4 : 0.0.1.6 -> Teaching
structure       > sectioning > subsection @ level 4 : 0.0.1.7 -> Professional Services
structure       > sectioning > subsection @ level 4 : 0.0.1.8 -> Prizes
pages           > flushing realpage 3, userpage 3
close source    > level 2, order 4, name '/data/home2/Zhongxu/tmp/resume/output/full.Eng.tex'
close source    > level 1, order 4, name '/usr/share/texmf/tex/context/base/mkiv/cont-yes.mkiv'

mkiv lua stats  > used config file: /usr/share/texmf/web2c/texmfcnf.lua;/usr/share/texlive/texmf-dist/web2c/texmfcnf.lua
mkiv lua stats  > used cache path: readable: '/var/lib/texmf/luatex-cache/context/b47c3d3cee7cb6c86268d0595268c442' | readable+writable: '/data/home2/Zhongxu/.texlive2018/texmf-var/luatex-cache/context/b47c3d3cee7cb6c86268d0595268c442'
mkiv lua stats  > resource resolver: loadtime 0.187 seconds, 0 scans with scantime 0.000 seconds, 0 shared scans, 13 found files, scanned paths: <none>
mkiv lua stats  > stored bytecode data: 404 modules (0.539 sec), 91 tables (0.019 sec), 495 chunks (0.558 sec)
mkiv lua stats  > traced context: maxstack: 1237, freed: 6, unreachable: 1231
mkiv lua stats  > cleaned up reserved nodes: 58 nodes, 9 lists of 447
mkiv lua stats  > node memory usage: 2 glue, 3 penalty, 12 attribute, 49 glue_spec, 3 attribute_list, 2 temp, 2 user_defined
mkiv lua stats  > node list callback tasks: 7 unique task lists, 7 instances (re)created, 702 calls
mkiv lua stats  > h-node processing time: 0.026 seconds including kernel
mkiv lua stats  > used backend: pdf (backend for directly generating pdf output)
mkiv lua stats  > jobdata time: 0.011 seconds saving, 0.000 seconds loading
mkiv lua stats  > callbacks: 1328 direct, 904 indirect, 2232 total
mkiv lua stats  > loaded patterns: en::2, load time: 0.000
mkiv lua stats  > interactive elements: 16 references, 20 destinations
mkiv lua stats  > result saved in file: full.pdf, compresslevel 3, objectcompresslevel 3
mkiv lua stats  > loaded fonts: 5 files: latinmodern-math.otf, lmmonolt10-bold.otf, texgyreheros-bold.otf, texgyreheros-bolditalic.otf, texgyreheros-regular.otf
mkiv lua stats  > font engine: otf 3.029, afm 1.512, tfm 1.000, 11 instances, 4 shared in backend, 0 common vectors, 4 common hashes, load time 0.670 seconds 
mkiv lua stats  > pdf annotations: 16 links (16 unique), 0 special
mkiv lua stats  > synctex tracing: synctex has been enabled (extra log file generated)
mkiv lua stats  > used platform: linux-64, type: unix, binary subtree: usr
mkiv lua stats  > luatex banner: this is luatex, version 1.07.0 (tex live 2019/dev/debian)
mkiv lua stats  > control sequences: 45441 of 65536 + 100000
mkiv lua stats  > lua properties: engine: lua, used memory: 113 MB (ctx: 112 MB), hash type: lua, hash chars: min(64,40), symbol mask: utf (τεχ)
mkiv lua stats  > runtime: 1.594 seconds, 3 processed pages, 3 shipped pages, 1.882 pages/second

mtx-context     | run 2: luatex --fmt="/var/lib/texmf/luatex-cache/context/b47c3d3cee7cb6c86268d0595268c442/formats/luatex/cont-en" --jobname="full.Eng" --lua="/var/lib/texmf/luatex-cache/context/b47c3d3cee7cb6c86268d0595268c442/formats/luatex/cont-en.lui" --no-parse-first-line --c:currentrun=2 --c:fulljobname="./full.Eng.tex" --c:input="./full.Eng.tex" --c:kindofrun=2 --c:maxnofruns=9 "cont-yes.mkiv"
This is LuaTeX, Version 1.07.0 (TeX Live 2019/dev/Debian) 
 system commands enabled.
open source     > level 1, order 1, name '/usr/share/texmf/tex/context/base/mkiv/cont-yes.mkiv'
system          > 
system          > ConTeXt  ver: 2017.05.15 21:48 MKIV beta  fmt: 2019.3.9  int: english/english
system          > 
system          > 'cont-new.mkiv' loaded
open source     > level 2, order 2, name '/usr/share/texmf/tex/context/base/mkiv/cont-new.mkiv'
close source    > level 2, order 2, name '/usr/share/texmf/tex/context/base/mkiv/cont-new.mkiv'
system          > files > jobname 'full.Eng', input './full.Eng', result 'full'
fonts           > latin modern fonts are not preloaded
languages       > language 'en' is active
open source     > level 2, order 3, name '/data/home2/Zhongxu/tmp/resume/output/full.Eng.tex'
colors          > defining > unknown library 'hex'
open source     > level 3, order 4, name '/usr/share/texmf/tex/context/fonts/mkiv/type-imp-texgyre.mkiv'
close source    > level 3, order 4, name '/usr/share/texmf/tex/context/fonts/mkiv/type-imp-texgyre.mkiv'
structure       > sectioning > section @ level 3 : 0.0.1 -> ZHU Zhongxu 朱忠旭
setup           > error in line 1, namespace 'xtable', key 'body'
setup           > error in line 13, namespace 'xtable', key 'foot'
setup           > error in line 1, namespace 'xtable', key 'body'
setup           > error in line 13, namespace 'xtable', key 'foot'
setup           > error in line 1, namespace 'xtable', key 'body'
setup           > error in line 13, namespace 'xtable', key 'foot'
floatblocks     > '1' placed
structure       > sectioning > subsection @ level 4 : 0.0.1.1 -> Education
structure       > sectioning > subsection @ level 4 : 0.0.1.2 -> Employment
structure       > sectioning > subsection @ level 4 : 0.0.1.3 -> Publications
backend         > xmp > using file '/usr/share/texmf/tex/context/base/mkiv/lpdf-pdx.xml'
pages           > flushing realpage 1, userpage 1, subpage 1
structure       > sectioning > subsection @ level 4 : 0.0.1.4 -> Conference Proceedings
structure       > sectioning > subsection @ level 4 : 0.0.1.5 -> Patents
pages           > flushing realpage 2, userpage 2
structure       > sectioning > subsection @ level 4 : 0.0.1.6 -> Teaching
structure       > sectioning > subsection @ level 4 : 0.0.1.7 -> Professional Services
structure       > sectioning > subsection @ level 4 : 0.0.1.8 -> Prizes
pages           > flushing realpage 3, userpage 3
close source    > level 2, order 4, name '/data/home2/Zhongxu/tmp/resume/output/full.Eng.tex'
close source    > level 1, order 4, name '/usr/share/texmf/tex/context/base/mkiv/cont-yes.mkiv'

mkiv lua stats  > used config file: /usr/share/texmf/web2c/texmfcnf.lua;/usr/share/texlive/texmf-dist/web2c/texmfcnf.lua
mkiv lua stats  > used cache path: readable: '/var/lib/texmf/luatex-cache/context/b47c3d3cee7cb6c86268d0595268c442' | readable+writable: '/data/home2/Zhongxu/.texlive2018/texmf-var/luatex-cache/context/b47c3d3cee7cb6c86268d0595268c442'
mkiv lua stats  > resource resolver: loadtime 0.331 seconds, 0 scans with scantime 0.000 seconds, 0 shared scans, 13 found files, scanned paths: <none>
mkiv lua stats  > stored bytecode data: 404 modules (0.771 sec), 91 tables (0.026 sec), 495 chunks (0.797 sec)
mkiv lua stats  > traced context: maxstack: 1237, freed: 6, unreachable: 1231
mkiv lua stats  > cleaned up reserved nodes: 58 nodes, 9 lists of 447
mkiv lua stats  > node memory usage: 2 glue, 3 penalty, 12 attribute, 49 glue_spec, 3 attribute_list, 2 temp, 2 user_defined
mkiv lua stats  > node list callback tasks: 7 unique task lists, 7 instances (re)created, 702 calls
mkiv lua stats  > h-node processing time: 0.025 seconds including kernel
mkiv lua stats  > used backend: pdf (backend for directly generating pdf output)
mkiv lua stats  > jobdata time: 0.012 seconds saving, 0.002 seconds loading
mkiv lua stats  > callbacks: 1360 direct, 904 indirect, 2264 total
mkiv lua stats  > randomizer: initialized with value 0.072408365119439
mkiv lua stats  > loaded patterns: en::2, load time: 0.000
mkiv lua stats  > interactive elements: 16 references, 20 destinations
mkiv lua stats  > result saved in file: full.pdf, compresslevel 3, objectcompresslevel 3
mkiv lua stats  > loaded fonts: 5 files: latinmodern-math.otf, lmmonolt10-bold.otf, texgyreheros-bold.otf, texgyreheros-bolditalic.otf, texgyreheros-regular.otf
mkiv lua stats  > font engine: otf 3.029, afm 1.512, tfm 1.000, 11 instances, 4 shared in backend, 0 common vectors, 4 common hashes, load time 0.323 seconds 
mkiv lua stats  > pdf annotations: 16 links (16 unique), 0 special
mkiv lua stats  > synctex tracing: synctex has been enabled (extra log file generated)
mkiv lua stats  > used platform: linux-64, type: unix, binary subtree: usr
mkiv lua stats  > luatex banner: this is luatex, version 1.07.0 (tex live 2019/dev/debian)
mkiv lua stats  > control sequences: 45440 of 65536 + 100000
mkiv lua stats  > lua properties: engine: lua, used memory: 118 MB (ctx: 118 MB), hash type: lua, hash chars: min(64,40), symbol mask: utf (τεχ)
mkiv lua stats  > runtime: 1.431 seconds, 3 processed pages, 3 shipped pages, 2.096 pages/second

mtx-context     | run 3: luatex --fmt="/var/lib/texmf/luatex-cache/context/b47c3d3cee7cb6c86268d0595268c442/formats/luatex/cont-en" --jobname="full.Eng" --lua="/var/lib/texmf/luatex-cache/context/b47c3d3cee7cb6c86268d0595268c442/formats/luatex/cont-en.lui" --no-parse-first-line --c:currentrun=3 --c:fulljobname="./full.Eng.tex" --c:input="./full.Eng.tex" --c:kindofrun=2 --c:maxnofruns=9 "cont-yes.mkiv"
