
mtx-context     | run 1: luatex --fmt="/var/lib/texmf/luatex-cache/context/b47c3d3cee7cb6c86268d0595268c442/formats/luatex/cont-en" --jobname="example" --lua="/var/lib/texmf/luatex-cache/context/b47c3d3cee7cb6c86268d0595268c442/formats/luatex/cont-en.lui" --no-parse-first-line --c:currentrun=1 --c:fulljobname="./example.tex" --c:input="./example.tex" --c:kindofrun=1 --c:maxnofruns=9 "cont-yes.mkiv"
This is LuaTeX, Version 1.07.0 (TeX Live 2019/dev/Debian) 
 system commands enabled.
open source     > level 1, order 1, name '/usr/share/texmf/tex/context/base/mkiv/cont-yes.mkiv'
system          > 
system          > ConTeXt  ver: 2017.05.15 21:48 MKIV beta  fmt: 2019.3.9  int: english/english
system          > 
system          > 'cont-new.mkiv' loaded
open source     > level 2, order 2, name '/usr/share/texmf/tex/context/base/mkiv/cont-new.mkiv'
close source    > level 2, order 2, name '/usr/share/texmf/tex/context/base/mkiv/cont-new.mkiv'
system          > files > jobname 'example', input './example', result 'example'
fonts           > latin modern fonts are not preloaded
languages       > language 'en' is active
open source     > level 2, order 3, name '/data/home2/Zhongxu/tmp/resume/output/example.tex'
colors          > defining > unknown library 'hex'
open source     > level 3, order 4, name '/usr/share/texmf/tex/context/fonts/mkiv/type-imp-texgyre.mkiv'
close source    > level 3, order 4, name '/usr/share/texmf/tex/context/fonts/mkiv/type-imp-texgyre.mkiv'
structure       > sectioning > section @ level 3 : 0.0.1 -> Johnny Coder
structure       > sectioning > subsection @ level 4 : 0.0.1.1 -> Education

Overfull \hbox (2.72485pt too wide) in paragraph at lines 88--90
 []\3>helvetica-11pt-ss-sl-0--0 The-sis ti-tle: Deep Learn-ing Ap-proaches to the Self-Awesomeness Es-ti-ma-tion Prob-
structure       > sectioning > subsection @ level 4 : 0.0.1.2 -> Experience
structure       > sectioning > subsection @ level 4 : 0.0.1.3 -> Technical Experience
backend         > xmp > using file '/usr/share/texmf/tex/context/base/mkiv/lpdf-pdx.xml'
pages           > flushing realpage 1, userpage 1, subpage 1
structure       > sectioning > subsection @ level 4 : 0.0.1.4 -> Extra Section, Call it Whatever You Want
pages           > flushing realpage 2, userpage 2
close source    > level 2, order 4, name '/data/home2/Zhongxu/tmp/resume/output/example.tex'
close source    > level 1, order 4, name '/usr/share/texmf/tex/context/base/mkiv/cont-yes.mkiv'

mkiv lua stats  > used config file: /usr/share/texmf/web2c/texmfcnf.lua;/usr/share/texlive/texmf-dist/web2c/texmfcnf.lua
mkiv lua stats  > used cache path: readable: '/var/lib/texmf/luatex-cache/context/b47c3d3cee7cb6c86268d0595268c442' | readable+writable: '/data/home2/Zhongxu/.texlive2018/texmf-var/luatex-cache/context/b47c3d3cee7cb6c86268d0595268c442'
mkiv lua stats  > resource resolver: loadtime 0.239 seconds, 0 scans with scantime 0.000 seconds, 0 shared scans, 12 found files, scanned paths: <none>
mkiv lua stats  > stored bytecode data: 404 modules (0.778 sec), 91 tables (0.022 sec), 495 chunks (0.800 sec)
mkiv lua stats  > traced context: maxstack: 1231, freed: 0, unreachable: 1231
mkiv lua stats  > cleaned up reserved nodes: 58 nodes, 9 lists of 447
mkiv lua stats  > node memory usage: 2 glue, 2 penalty, 12 attribute, 49 glue_spec, 3 attribute_list, 2 temp, 2 user_defined
mkiv lua stats  > node list callback tasks: 7 unique task lists, 8 instances (re)created, 347 calls
mkiv lua stats  > h-node processing time: 0.014 seconds including kernel
mkiv lua stats  > used backend: pdf (backend for directly generating pdf output)
mkiv lua stats  > jobdata time: 0.021 seconds saving, 0.000 seconds loading
mkiv lua stats  > callbacks: 695 direct, 731 indirect, 1426 total
mkiv lua stats  > loaded patterns: en::2, load time: 0.000
mkiv lua stats  > interactive elements: 4 references, 10 destinations
mkiv lua stats  > result saved in file: example.pdf, compresslevel 3, objectcompresslevel 3
mkiv lua stats  > loaded fonts: 4 files: latinmodern-math.otf, texgyreheros-bold.otf, texgyreheros-italic.otf, texgyreheros-regular.otf
mkiv lua stats  > font engine: otf 3.029, afm 1.512, tfm 1.000, 10 instances, 4 shared in backend, 0 common vectors, 4 common hashes, load time 0.665 seconds 
mkiv lua stats  > pdf annotations: 4 links (4 unique), 0 special
mkiv lua stats  > synctex tracing: synctex has been enabled (extra log file generated)
mkiv lua stats  > used platform: linux-64, type: unix, binary subtree: usr
mkiv lua stats  > luatex banner: this is luatex, version 1.07.0 (tex live 2019/dev/debian)
mkiv lua stats  > control sequences: 45417 of 65536 + 100000
mkiv lua stats  > lua properties: engine: lua, used memory: 96 MB (ctx: 96 MB), hash type: lua, hash chars: min(64,40), symbol mask: utf (τεχ)
mkiv lua stats  > runtime: 1.873 seconds, 2 processed pages, 2 shipped pages, 1.068 pages/second

mtx-context     | run 2: luatex --fmt="/var/lib/texmf/luatex-cache/context/b47c3d3cee7cb6c86268d0595268c442/formats/luatex/cont-en" --jobname="example" --lua="/var/lib/texmf/luatex-cache/context/b47c3d3cee7cb6c86268d0595268c442/formats/luatex/cont-en.lui" --no-parse-first-line --c:currentrun=2 --c:fulljobname="./example.tex" --c:input="./example.tex" --c:kindofrun=2 --c:maxnofruns=9 "cont-yes.mkiv"
This is LuaTeX, Version 1.07.0 (TeX Live 2019/dev/Debian) 
 system commands enabled.
open source     > level 1, order 1, name '/usr/share/texmf/tex/context/base/mkiv/cont-yes.mkiv'
system          > 
system          > ConTeXt  ver: 2017.05.15 21:48 MKIV beta  fmt: 2019.3.9  int: english/english
system          > 
system          > 'cont-new.mkiv' loaded
open source     > level 2, order 2, name '/usr/share/texmf/tex/context/base/mkiv/cont-new.mkiv'
close source    > level 2, order 2, name '/usr/share/texmf/tex/context/base/mkiv/cont-new.mkiv'
system          > files > jobname 'example', input './example', result 'example'
fonts           > latin modern fonts are not preloaded
languages       > language 'en' is active
open source     > level 2, order 3, name '/data/home2/Zhongxu/tmp/resume/output/example.tex'
colors          > defining > unknown library 'hex'
open source     > level 3, order 4, name '/usr/share/texmf/tex/context/fonts/mkiv/type-imp-texgyre.mkiv'
close source    > level 3, order 4, name '/usr/share/texmf/tex/context/fonts/mkiv/type-imp-texgyre.mkiv'
structure       > sectioning > section @ level 3 : 0.0.1 -> Johnny Coder
structure       > sectioning > subsection @ level 4 : 0.0.1.1 -> Education

Overfull \hbox (2.72485pt too wide) in paragraph at lines 88--90
 []\3>helvetica-11pt-ss-sl-0--0 The-sis ti-tle: Deep Learn-ing Ap-proaches to the Self-Awesomeness Es-ti-ma-tion Prob-
structure       > sectioning > subsection @ level 4 : 0.0.1.2 -> Experience
structure       > sectioning > subsection @ level 4 : 0.0.1.3 -> Technical Experience
backend         > xmp > using file '/usr/share/texmf/tex/context/base/mkiv/lpdf-pdx.xml'
pages           > flushing realpage 1, userpage 1, subpage 1
structure       > sectioning > subsection @ level 4 : 0.0.1.4 -> Extra Section, Call it Whatever You Want
pages           > flushing realpage 2, userpage 2
close source    > level 2, order 4, name '/data/home2/Zhongxu/tmp/resume/output/example.tex'
close source    > level 1, order 4, name '/usr/share/texmf/tex/context/base/mkiv/cont-yes.mkiv'

mkiv lua stats  > used config file: /usr/share/texmf/web2c/texmfcnf.lua;/usr/share/texlive/texmf-dist/web2c/texmfcnf.lua
mkiv lua stats  > used cache path: readable: '/var/lib/texmf/luatex-cache/context/b47c3d3cee7cb6c86268d0595268c442' | readable+writable: '/data/home2/Zhongxu/.texlive2018/texmf-var/luatex-cache/context/b47c3d3cee7cb6c86268d0595268c442'
mkiv lua stats  > resource resolver: loadtime 0.261 seconds, 0 scans with scantime 0.000 seconds, 0 shared scans, 12 found files, scanned paths: <none>
mkiv lua stats  > stored bytecode data: 404 modules (0.633 sec), 91 tables (0.021 sec), 495 chunks (0.655 sec)
mkiv lua stats  > traced context: maxstack: 1231, freed: 0, unreachable: 1231
mkiv lua stats  > cleaned up reserved nodes: 58 nodes, 9 lists of 447
mkiv lua stats  > node memory usage: 2 glue, 2 penalty, 12 attribute, 49 glue_spec, 3 attribute_list, 2 temp, 2 user_defined
mkiv lua stats  > node list callback tasks: 7 unique task lists, 8 instances (re)created, 347 calls
mkiv lua stats  > used backend: pdf (backend for directly generating pdf output)
mkiv lua stats  > jobdata time: 0.017 seconds saving, 0.001 seconds loading
mkiv lua stats  > callbacks: 703 direct, 731 indirect, 1434 total
mkiv lua stats  > randomizer: initialized with value 0.96254345959171
mkiv lua stats  > loaded patterns: en::2, load time: 0.000
mkiv lua stats  > interactive elements: 4 references, 10 destinations
mkiv lua stats  > result saved in file: example.pdf, compresslevel 3, objectcompresslevel 3
mkiv lua stats  > loaded fonts: 4 files: latinmodern-math.otf, texgyreheros-bold.otf, texgyreheros-italic.otf, texgyreheros-regular.otf
mkiv lua stats  > font engine: otf 3.029, afm 1.512, tfm 1.000, 10 instances, 4 shared in backend, 0 common vectors, 4 common hashes, load time 0.313 seconds 
mkiv lua stats  > pdf annotations: 4 links (4 unique), 0 special
mkiv lua stats  > synctex tracing: synctex has been enabled (extra log file generated)
mkiv lua stats  > used platform: linux-64, type: unix, binary subtree: usr
mkiv lua stats  > luatex banner: this is luatex, version 1.07.0 (tex live 2019/dev/debian)
mkiv lua stats  > control sequences: 45416 of 65536 + 100000
mkiv lua stats  > lua properties: engine: lua, used memory: 97 MB (ctx: 96 MB), hash type: lua, hash chars: min(64,40), symbol mask: utf (τεχ)
mkiv lua stats  > runtime: 1.169 seconds, 2 processed pages, 2 shipped pages, 1.711 pages/second

mtx-context     | run 3: luatex --fmt="/var/lib/texmf/luatex-cache/context/b47c3d3cee7cb6c86268d0595268c442/formats/luatex/cont-en" --jobname="example" --lua="/var/lib/texmf/luatex-cache/context/b47c3d3cee7cb6c86268d0595268c442/formats/luatex/cont-en.lui" --no-parse-first-line --c:currentrun=3 --c:fulljobname="./example.tex" --c:input="./example.tex" --c:kindofrun=2 --c:maxnofruns=9 "cont-yes.mkiv"
This is LuaTeX, Version 1.07.0 (TeX Live 2019/dev/Debian) 
 system commands enabled.
open source     > level 1, order 1, name '/usr/share/texmf/tex/context/base/mkiv/cont-yes.mkiv'
system          > 
system          > ConTeXt  ver: 2017.05.15 21:48 MKIV beta  fmt: 2019.3.9  int: english/english
system          > 
system          > 'cont-new.mkiv' loaded
open source     > level 2, order 2, name '/usr/share/texmf/tex/context/base/mkiv/cont-new.mkiv'
close source    > level 2, order 2, name '/usr/share/texmf/tex/context/base/mkiv/cont-new.mkiv'
system          > files > jobname 'example', input './example', result 'example'
fonts           > latin modern fonts are not preloaded
languages       > language 'en' is active
open source     > level 2, order 3, name '/data/home2/Zhongxu/tmp/resume/output/example.tex'
colors          > defining > unknown library 'hex'
open source     > level 3, order 4, name '/usr/share/texmf/tex/context/fonts/mkiv/type-imp-texgyre.mkiv'
close source    > level 3, order 4, name '/usr/share/texmf/tex/context/fonts/mkiv/type-imp-texgyre.mkiv'
structure       > sectioning > section @ level 3 : 0.0.1 -> Johnny Coder
structure       > sectioning > subsection @ level 4 : 0.0.1.1 -> Education

Overfull \hbox (2.72485pt too wide) in paragraph at lines 88--90
 []\3>helvetica-11pt-ss-sl-0--0 The-sis ti-tle: Deep Learn-ing Ap-proaches to the Self-Awesomeness Es-ti-ma-tion Prob-
structure       > sectioning > subsection @ level 4 : 0.0.1.2 -> Experience
structure       > sectioning > subsection @ level 4 : 0.0.1.3 -> Technical Experience
backend         > xmp > using file '/usr/share/texmf/tex/context/base/mkiv/lpdf-pdx.xml'
pages           > flushing realpage 1, userpage 1, subpage 1
structure       > sectioning > subsection @ level 4 : 0.0.1.4 -> Extra Section, Call it Whatever You Want
pages           > flushing realpage 2, userpage 2
close source    > level 2, order 4, name '/data/home2/Zhongxu/tmp/resume/output/example.tex'
close source    > level 1, order 4, name '/usr/share/texmf/tex/context/base/mkiv/cont-yes.mkiv'

mkiv lua stats  > used config file: /usr/share/texmf/web2c/texmfcnf.lua;/usr/share/texlive/texmf-dist/web2c/texmfcnf.lua
mkiv lua stats  > used cache path: readable: '/var/lib/texmf/luatex-cache/context/b47c3d3cee7cb6c86268d0595268c442' | readable+writable: '/data/home2/Zhongxu/.texlive2018/texmf-var/luatex-cache/context/b47c3d3cee7cb6c86268d0595268c442'
mkiv lua stats  > resource resolver: loadtime 0.229 seconds, 0 scans with scantime 0.000 seconds, 0 shared scans, 12 found files, scanned paths: <none>
mkiv lua stats  > stored bytecode data: 404 modules (0.575 sec), 91 tables (0.020 sec), 495 chunks (0.595 sec)
mkiv lua stats  > traced context: maxstack: 1231, freed: 0, unreachable: 1231
mkiv lua stats  > cleaned up reserved nodes: 58 nodes, 9 lists of 447
mkiv lua stats  > node memory usage: 2 glue, 2 penalty, 12 attribute, 49 glue_spec, 3 attribute_list, 2 temp, 2 user_defined
mkiv lua stats  > node list callback tasks: 7 unique task lists, 8 instances (re)created, 347 calls
mkiv lua stats  > used backend: pdf (backend for directly generating pdf output)
mkiv lua stats  > jobdata time: 0.020 seconds saving, 0.001 seconds loading
mkiv lua stats  > callbacks: 703 direct, 731 indirect, 1434 total
mkiv lua stats  > randomizer: resumed with value 0.96254345959171
mkiv lua stats  > loaded patterns: en::2, load time: 0.000
mkiv lua stats  > interactive elements: 4 references, 10 destinations
mkiv lua stats  > result saved in file: example.pdf, compresslevel 3, objectcompresslevel 3
mkiv lua stats  > loaded fonts: 4 files: latinmodern-math.otf, texgyreheros-bold.otf, texgyreheros-italic.otf, texgyreheros-regular.otf
mkiv lua stats  > font engine: otf 3.029, afm 1.512, tfm 1.000, 10 instances, 4 shared in backend, 0 common vectors, 4 common hashes, load time 0.299 seconds 
mkiv lua stats  > pdf annotations: 4 links (4 unique), 0 special
mkiv lua stats  > synctex tracing: synctex has been enabled (extra log file generated)
mkiv lua stats  > used platform: linux-64, type: unix, binary subtree: usr
mkiv lua stats  > luatex banner: this is luatex, version 1.07.0 (tex live 2019/dev/debian)
mkiv lua stats  > control sequences: 45416 of 65536 + 100000
mkiv lua stats  > lua properties: engine: lua, used memory: 96 MB (ctx: 96 MB), hash type: lua, hash chars: min(64,40), symbol mask: utf (τεχ)
mkiv lua stats  > runtime: 1.089 seconds, 2 processed pages, 2 shipped pages, 1.837 pages/second

system          | total runtime: 6.006 seconds
