open source     > level 1, order 1, name '/usr/share/texmf/tex/context/base/mkiv/cont-yes.mkiv'
system          > 
system          > ConTeXt  ver: 2017.05.15 21:48 MKIV beta  fmt: 2019.3.9  int: english/english
system          > 
system          > 'cont-new.mkiv' loaded
open source     > level 2, order 2, name '/usr/share/texmf/tex/context/base/mkiv/cont-new.mkiv'
close source    > level 2, order 2, name '/usr/share/texmf/tex/context/base/mkiv/cont-new.mkiv'
system          > files > jobname 'example', input './example', result 'example'
fonts           > latin modern fonts are not preloaded
languages       > language 'en' is active
open source     > level 2, order 3, name '/data/home2/Zhongxu/tmp/resume/output/example.tex'
colors          > defining > unknown library 'hex'
open source     > level 3, order 4, name '/usr/share/texmf/tex/context/fonts/mkiv/type-imp-texgyre.mkiv'
close source    > level 3, order 4, name '/usr/share/texmf/tex/context/fonts/mkiv/type-imp-texgyre.mkiv'
structure       > sectioning > section @ level 3 : 0.0.1 -> Johnny Coder
structure       > sectioning > subsection @ level 4 : 0.0.1.1 -> Education

Overfull \hbox (2.72485pt too wide) in paragraph at lines 88--90
 []\3>helvetica-11pt-ss-sl-0--0 The-sis ti-tle: Deep Learn-ing Ap-proaches to the Self-Awesomeness Es-ti-ma-tion Prob-

\hbox(8.217+2.398)x483.69687, glue set - 1.0, direction TLT
.\glue(\leftskip) 91.0488
.\localpar
..\localinterlinepenalty=0
..\localbrokenpenalty=0
..\localleftbox=null
..\localrightbox=null
.\hbox(0.0+0.0)x0.0, direction TLT
.\3>helvetica-11pt-ss-sl-0--0 T
.\3>helvetica-11pt-ss-sl-0--0 h
.etc.

structure       > sectioning > subsection @ level 4 : 0.0.1.2 -> Experience
structure       > sectioning > subsection @ level 4 : 0.0.1.3 -> Technical Experience
backend         > xmp > using file '/usr/share/texmf/tex/context/base/mkiv/lpdf-pdx.xml'
pages           > flushing realpage 1, userpage 1, subpage 1
structure       > sectioning > subsection @ level 4 : 0.0.1.4 -> Extra Section, Call it Whatever You Want
pages           > flushing realpage 2, userpage 2
close source    > level 2, order 4, name '/data/home2/Zhongxu/tmp/resume/output/example.tex'
close source    > level 1, order 4, name '/usr/share/texmf/tex/context/base/mkiv/cont-yes.mkiv'

system          > structure > start used structure

used structure  > text: example

system          > structure > stop used structure


system          > files > start used files

used file       >    1: filename=cont-yes.mkiv filetype=tex foundname=/usr/share/texmf/tex/context/base/mkiv/cont-yes.mkiv usedmethod=database
used file       >    2: filename=publ-imp-default.lua filetype=lua foundname=/usr/share/texmf/tex/context/base/mkiv/publ-imp-default.lua usedmethod=database
used file       >    3: filename=cont-new.mkiv filetype=tex foundname=/usr/share/texmf/tex/context/base/mkiv/cont-new.mkiv usedmethod=database
used file       >    4: filename=lang-us.lua filetype=lua foundname=/usr/share/texmf/tex/context/patterns/mkiv/lang-us.lua usedmethod=database
used file       >    5: filename=/data/home2/Zhongxu/tmp/resume/output/example.tex foundname=/data/home2/Zhongxu/tmp/resume/output/example.tex usedmethod=direct
used file       >    6: filename=type-imp-texgyre.mkiv filetype=tex foundname=/usr/share/texmf/tex/context/fonts/mkiv/type-imp-texgyre.mkiv usedmethod=database
used file       >    7: filename=lm.lfg filetype=tex foundname=/usr/share/texmf/tex/context/fonts/mkiv/lm.lfg usedmethod=database
used file       >    8: filename=texgyreheros-regular filetype=otf format=otf foundname=/usr/share/texmf/fonts/opentype/public/tex-gyre/texgyreheros-regular.otf usedmethod=database
used file       >    9: filename=latinmodern-math.otf filetype=opentypefonts foundname=/usr/share/texmf/fonts/opentype/public/lm-math/latinmodern-math.otf usedmethod=database
used file       >   10: filename=texgyreheros-bold filetype=otf format=otf foundname=/usr/share/texmf/fonts/opentype/public/tex-gyre/texgyreheros-bold.otf usedmethod=database
used file       >   11: filename=texgyreheros-italic filetype=otf format=otf foundname=/usr/share/texmf/fonts/opentype/public/tex-gyre/texgyreheros-italic.otf usedmethod=database
used file       >   12: filename=lpdf-pdx.xml filetype=tex foundname=/usr/share/texmf/tex/context/base/mkiv/lpdf-pdx.xml usedmethod=database

system          > files > stop used files


system          > options > start commandline options

used option     > currentrun="3"
used option     > fulljobname="./example.tex"
used option     > input="./example.tex"
used option     > kindofrun="2"
used option     > maxnofruns="9"
used option     > no-parse-first-line="true"

system          > options > stop commandline options

system          > options > start commandline files

used file       >    1: ./example.tex

system          > options > stop commandline files


mkiv lua stats  > used config file: /usr/share/texmf/web2c/texmfcnf.lua;/usr/share/texlive/texmf-dist/web2c/texmfcnf.lua
mkiv lua stats  > used cache path: readable: '/var/lib/texmf/luatex-cache/context/b47c3d3cee7cb6c86268d0595268c442' | readable+writable: '/data/home2/Zhongxu/.texlive2018/texmf-var/luatex-cache/context/b47c3d3cee7cb6c86268d0595268c442'
mkiv lua stats  > resource resolver: loadtime 0.229 seconds, 0 scans with scantime 0.000 seconds, 0 shared scans, 12 found files, scanned paths: <none>
mkiv lua stats  > stored bytecode data: 404 modules (0.575 sec), 91 tables (0.020 sec), 495 chunks (0.595 sec)
mkiv lua stats  > traced context: maxstack: 1231, freed: 0, unreachable: 1231
mkiv lua stats  > cleaned up reserved nodes: 58 nodes, 9 lists of 447
mkiv lua stats  > node memory usage: 2 glue, 2 penalty, 12 attribute, 49 glue_spec, 3 attribute_list, 2 temp, 2 user_defined
mkiv lua stats  > node list callback tasks: 7 unique task lists, 8 instances (re)created, 347 calls
mkiv lua stats  > used backend: pdf (backend for directly generating pdf output)
mkiv lua stats  > jobdata time: 0.020 seconds saving, 0.001 seconds loading
mkiv lua stats  > callbacks: 703 direct, 731 indirect, 1434 total
mkiv lua stats  > randomizer: resumed with value 0.96254345959171
mkiv lua stats  > loaded patterns: en::2, load time: 0.000
mkiv lua stats  > interactive elements: 4 references, 10 destinations
mkiv lua stats  > result saved in file: example.pdf, compresslevel 3, objectcompresslevel 3
mkiv lua stats  > loaded fonts: 4 files: latinmodern-math.otf, texgyreheros-bold.otf, texgyreheros-italic.otf, texgyreheros-regular.otf
mkiv lua stats  > font engine: otf 3.029, afm 1.512, tfm 1.000, 10 instances, 4 shared in backend, 0 common vectors, 4 common hashes, load time 0.299 seconds 
mkiv lua stats  > pdf annotations: 4 links (4 unique), 0 special
mkiv lua stats  > synctex tracing: synctex has been enabled (extra log file generated)
mkiv lua stats  > used platform: linux-64, type: unix, binary subtree: usr
mkiv lua stats  > luatex banner: this is luatex, version 1.07.0 (tex live 2019/dev/debian)
mkiv lua stats  > control sequences: 45416 of 65536 + 100000
mkiv lua stats  > lua properties: engine: lua, used memory: 96 MB (ctx: 96 MB), hash type: lua, hash chars: min(64,40), symbol mask: utf (τεχ)
mkiv lua stats  > runtime: 1.089 seconds, 2 processed pages, 2 shipped pages, 1.837 pages/second

